Performing C SOURCE FILE Test CMAKE_HAVE_LIBC_PTHREAD failed with the following output:
Change Dir: /home/huigang/codespace/ros/arduino_mpu6050_temperature/src/readTemperature/build/CMakeFiles/CMakeTmp

Run Build Command(s):/usr/bin/make cmTC_9a551/fast && /usr/bin/make -f CMakeFiles/cmTC_9a551.dir/build.make CMakeFiles/cmTC_9a551.dir/build
make[1]: 进入目录“/home/huigang/codespace/ros/arduino_mpu6050_temperature/src/readTemperature/build/CMakeFiles/CMakeTmp”
Building C object CMakeFiles/cmTC_9a551.dir/src.c.o
/bin/x86_64-linux-gnu-gcc-9   -DCMAKE_HAVE_LIBC_PTHREAD   -o CMakeFiles/cmTC_9a551.dir/src.c.o   -c /home/huigang/codespace/ros/arduino_mpu6050_temperature/src/readTemperature/build/CMakeFiles/CMakeTmp/src.c
Linking C executable cmTC_9a551
/usr/bin/cmake -E cmake_link_script CMakeFiles/cmTC_9a551.dir/link.txt --verbose=1
/bin/x86_64-linux-gnu-gcc-9  -DCMAKE_HAVE_LIBC_PTHREAD    -rdynamic CMakeFiles/cmTC_9a551.dir/src.c.o  -o cmTC_9a551 
/usr/bin/ld: CMakeFiles/cmTC_9a551.dir/src.c.o: in function `main':
src.c:(.text+0x46): undefined reference to `pthread_create'
/usr/bin/ld: src.c:(.text+0x52): undefined reference to `pthread_detach'
/usr/bin/ld: src.c:(.text+0x63): undefined reference to `pthread_join'
collect2: error: ld returned 1 exit status
make[1]: *** [CMakeFiles/cmTC_9a551.dir/build.make:87：cmTC_9a551] 错误 1
make[1]: 离开目录“/home/huigang/codespace/ros/arduino_mpu6050_temperature/src/readTemperature/build/CMakeFiles/CMakeTmp”
make: *** [Makefile:121：cmTC_9a551/fast] 错误 2


Source file was:
#include <pthread.h>

void* test_func(void* data)
{
  return data;
}

int main(void)
{
  pthread_t thread;
  pthread_create(&thread, NULL, test_func, NULL);
  pthread_detach(thread);
  pthread_join(thread, NULL);
  pthread_atfork(NULL, NULL, NULL);
  pthread_exit(NULL);

  return 0;
}

Determining if the function pthread_create exists in the pthreads failed with the following output:
Change Dir: /home/huigang/codespace/ros/arduino_mpu6050_temperature/src/readTemperature/build/CMakeFiles/CMakeTmp

Run Build Command(s):/usr/bin/make cmTC_44aee/fast && /usr/bin/make -f CMakeFiles/cmTC_44aee.dir/build.make CMakeFiles/cmTC_44aee.dir/build
make[1]: 进入目录“/home/huigang/codespace/ros/arduino_mpu6050_temperature/src/readTemperature/build/CMakeFiles/CMakeTmp”
Building C object CMakeFiles/cmTC_44aee.dir/CheckFunctionExists.c.o
/bin/x86_64-linux-gnu-gcc-9   -DCHECK_FUNCTION_EXISTS=pthread_create   -o CMakeFiles/cmTC_44aee.dir/CheckFunctionExists.c.o   -c /usr/share/cmake-3.16/Modules/CheckFunctionExists.c
Linking C executable cmTC_44aee
/usr/bin/cmake -E cmake_link_script CMakeFiles/cmTC_44aee.dir/link.txt --verbose=1
/bin/x86_64-linux-gnu-gcc-9  -DCHECK_FUNCTION_EXISTS=pthread_create    -rdynamic CMakeFiles/cmTC_44aee.dir/CheckFunctionExists.c.o  -o cmTC_44aee  -lpthreads 
/usr/bin/ld: 找不到 -lpthreads
collect2: error: ld returned 1 exit status
make[1]: *** [CMakeFiles/cmTC_44aee.dir/build.make:87：cmTC_44aee] 错误 1
make[1]: 离开目录“/home/huigang/codespace/ros/arduino_mpu6050_temperature/src/readTemperature/build/CMakeFiles/CMakeTmp”
make: *** [Makefile:121：cmTC_44aee/fast] 错误 2



